0.238786 8
0.000035 116
12.561011 1
0.130326 1
0.147986 1
0.111271 1
0.682243 1
0.196917 1
1.338554 1
1.742259 1
0.101118 1
0.225039 1
0.130201 1
0.428284 1
0.202354 1
0.233502 1
2.559649 1
0.630208 1
0.124780 1
0.441350 1
0.227016 1
0.383058 1
0.207747 1
0.072088 1
1.126186 1
0.960329 1
0.384251 2
0.000184 9
0.248528 124
45.422227 1
0.081110 1
0.651915 1
0.115143 1
0.223178 1
0.118111 1
0.413914 1
0.294923 1
0.082112 1
0.666751 1
0.663724 1
0.243254 1
0.614648 1
0.666403 1
0.055709 1
0.095545 1
15.300093 2
0.000015 9
0.012499 12
0.000026 9
0.000948 8
0.000024 116
9.001102 17
