0.268944 8
0.000032 116
1.417570 27
0.147133 49
0.488786 1
0.154037 1
0.902700 9
0.081587 5
0.256848 1
0.180849 1
0.127333 1
0.113649 1
0.116037 1
0.433425 19
0.104774 15
0.601835 2
0.000018 9
0.521178 124
1.244202 18
0.158254 45
0.730913 1
0.499750 1
0.033318 1
0.032725 1
0.033311 1
0.032766 1
0.034380 1
0.031761 1
0.033888 1
0.032556 1
0.037206 1
0.028800 1
0.034365 1
0.034390 1
0.031891 1
0.031332 1
0.036145 1
0.031272 1
0.031868 1
0.033266 1
0.031629 1
0.033165 1
0.033008 1
0.483749 3
0.260880 3
0.723286 5
0.066599 5
0.542394 2
0.000014 9
0.147933 8
0.000018 116
18.450659 17
