0.014585 110
1.206530 1
0.180060 1
0.128074 1
0.621159 1
0.671128 4
0.093855 1
0.734094 1
0.191958 1
0.120996 1
0.415036 1
0.073541 1
0.199631 1
0.091955 1
0.141161 1
0.066000 1
0.368952 4
0.145999 4
0.129946 4
0.108116 4
0.113189 4
0.248869 4
0.659078 1
0.176978 1
0.365095 4
0.139927 1
0.613138 1
0.068802 1
0.185259 1
0.097002 1
0.165942 1
0.065272 1
0.162860 1
0.536086 1
0.152972 1
0.191151 1
0.093949 1
0.192943 1
0.018974 1
0.488197 4
0.208994 1
0.217958 1
0.071042 1
0.738417 1
0.210736 1
1.539202 2
0.032296 110
16.872963 1
0.065030 1
0.467160 1
0.139016 1
0.413013 1
0.079841 1
0.213349 1
0.101021 1
0.152944 1
0.066187 1
0.415460 2
0.000101 36
2.370543 1
0.816100 1
0.090065 1
0.124973 1
0.162097 1
0.239977 2
0.000050 93
0.000031 62
0.000023 31
2.681259 1
0.077964 1
0.125972 1
0.190313 64
0.000010 31
0.000003 31
1.771479 110
3.045926 6
