0.014412 110
1.266938 1
0.091994 1
0.146163 1
0.205938 1
0.183058 1
0.232944 1
0.496984 1
0.271142 1
0.098992 1
0.127053 1
0.111878 1
0.623159 4
0.233968 4
0.116096 4
0.117054 4
0.573983 1
0.105020 1
0.189081 1
0.092867 1
0.121058 1
0.107031 1
0.546164 1
0.281998 1
0.141208 1
0.485925 1
0.220955 1
0.114028 1
0.105023 1
0.304042 1
0.183100 1
0.466236 2
0.036719 110
1.064344 1
0.080810 1
0.407094 1
0.096001 1
0.185980 1
0.084042 1
0.116016 1
0.126005 1
0.513067 2
0.000575 40
0.000130 98
5.000659 24
0.000036 47
0.000024 27
5.002212 24
0.000041 74
5.000764 24
0.000050 75
5.000526 24
0.000028 75
5.000277 99
5.000117 100
5.004920 24
0.000174 75
5.003579 24
0.000153 75
5.001292 99
5.000007 99
5.000863 24
0.000054 75
5.001579 24
0.000225 75
5.013522 99
5.009402 24
0.000174 75
5.000319 24
0.000057 75
5.001178 24
0.000070 75
5.000719 24
0.000059 75
5.000961 99
5.000378 24
0.000035 102
0.000276 122
7.351977 6
