0.014567 110
28.511490 39
0.220839 48
0.472611 45
0.377995 42
0.333001 39
0.158253 48
0.125720 24
0.379787 1
0.169828 1
0.153325 1
0.318412 3
0.366450 9
0.160072 9
0.143928 9
0.077985 9
0.109049 9
0.106057 9
0.114064 9
0.123050 9
0.377984 9
0.341012 5
0.117060 5
0.290004 5
0.176070 5
0.172914 5
0.129138 5
0.080812 5
0.147126 5
0.158067 5
0.821187 5
0.124999 5
0.375998 5
0.181998 5
0.149130 5
0.120020 5
0.076968 5
0.152013 5
1.482121 2
0.033118 110
0.895030 1
0.081985 1
0.202201 1
0.138895 1
0.244044 1
0.202053 1
0.163979 1
0.127007 1
0.090016 1
0.150001 1
0.924239 2
0.000620 22
4.385675 14
3.803769 1
0.000042 3
0.000017 3
3.075522 3
0.000015 2
1.771475 22
9.557730 2
0.000192 2
0.000091 110
0.998912 6
