0.300384 124
22.289500 1
0.097263 1
0.150848 1
0.694504 1
0.142245 1
0.234923 1
1.385125 1
0.773311 1
0.004854 1
0.160819 1
0.369139 4
0.150374 4
0.860982 1
0.270070 1
0.320591 1
0.297407 1
0.111360 1
0.176582 1
0.571151 1
0.483203 1
0.184785 1
0.179101 1
0.263652 1
0.240462 1
0.083110 1
0.171334 1
0.760825 1
0.136014 1
0.494935 11
0.241024 124
1.039677 1
0.082688 1
0.206333 1
0.228603 1
0.264255 1
0.075677 1
0.158253 1
0.431834 4
0.172053 4
0.129649 4
0.119444 4
0.218016 4
0.608660 1
0.117436 1
0.833839 1
0.110178 1
0.251945 1
0.102092 1
0.171156 1
0.471927 2
0.000035 9
0.001796 24
0.000114 2
0.000214 23
0.000071 2
0.000147 38
0.000099 2
5.000811 103
0.000483 8
0.000022 116
3.732386 11
0.000062 6
