0.272317 124
2.633136 9
0.152603 33
0.402615 1
0.499643 1
0.035830 1
0.029971 1
0.033993 1
0.032618 1
0.032656 1
0.033426 1
0.032689 1
0.033535 1
0.033055 1
0.032731 1
0.242647 3
0.204999 3
0.318243 38
0.866786 44
0.418161 40
0.319927 44
1.553609 1
0.500157 1
0.032782 1
0.032823 1
0.033309 1
0.032360 1
0.033417 1
0.033701 1
0.032339 1
0.213056 1
0.240014 3
0.921599 5
0.367819 5
1.549263 11
0.320708 124
1.043014 18
0.159904 31
0.229666 33
0.462641 48
0.877714 1
0.500335 1
0.032976 1
0.032795 1
0.033828 1
0.032151 1
0.032966 1
0.033461 1
0.033030 1
0.034537 1
0.032481 1
0.032273 1
0.032509 1
0.033333 1
0.032887 1
0.032684 1
0.033212 1
0.032910 1
0.033113 1
0.033393 1
0.031887 1
0.033013 1
0.033507 1
0.354961 3
0.681348 5
0.400213 5
0.016273 5
0.582985 5
1.827067 11
0.002441 21
0.000173 42
0.000161 21
0.000651 2
0.000046 2
0.000591 711
0.000024 250
0.000018 155
0.000019 39
0.000015 94
0.000638 83
0.001287 8
0.000047 116
4.372712 17
